<?xml version="1.0" encoding="UTF-8"?>
<!-- Generated by org.testng.reporters.JUnitReportReporter -->
<testsuite hostname="DESKTOP-5HOMIST" failures="0" tests="1" name="AppTest" time="23.351" errors="0" timestamp="2021-05-06T18:19:15 IST" skipped="0">
  <testcase classname="AppTest" name="shouldAnswerWithTrue" time="23.351"/>
  <system-out/>
</testsuite> <!-- AppTest -->
